<?xml version="1.0" encoding="UTF-8"?>
<testng-results skipped="0" failed="0" ignored="0" total="2" passed="2">
  <reporter-output>
  </reporter-output>
  <suite name="Default suite" duration-ms="17524" started-at="2018-12-27T08:37:38Z" finished-at="2018-12-27T08:37:55Z">
    <groups>
    </groups>
    <test name="Default test" duration-ms="17524" started-at="2018-12-27T08:37:38Z" finished-at="2018-12-27T08:37:55Z">
      <class name="DataProviderTests.DataProviderTest">
        <test-method status="PASS" signature="googletest()[pri:0, instance:DataProviderTests.DataProviderTest@51565ec2]" name="googletest" is-config="true" duration-ms="8" started-at="2018-12-27T08:37:38Z" finished-at="2018-12-27T08:37:38Z">
          <reporter-output>
          </reporter-output>
        </test-method> <!-- googletest -->
        <test-method status="PASS" signature="googleTest(java.lang.String)[pri:0, instance:DataProviderTests.DataProviderTest@51565ec2]" name="googleTest" duration-ms="8929" started-at="2018-12-27T08:37:38Z" data-provider="data" finished-at="2018-12-27T08:37:47Z">
          <params>
            <param index="0">
              <value>
                <![CDATA[dream]]>
              </value>
            </param>
          </params>
          <reporter-output>
          </reporter-output>
        </test-method> <!-- googleTest -->
        <test-method status="PASS" signature="googleTest(java.lang.String)[pri:0, instance:DataProviderTests.DataProviderTest@51565ec2]" name="googleTest" duration-ms="8565" started-at="2018-12-27T08:37:47Z" data-provider="data" finished-at="2018-12-27T08:37:55Z">
          <params>
            <param index="0">
              <value>
                <![CDATA[now real]]>
              </value>
            </param>
          </params>
          <reporter-output>
          </reporter-output>
        </test-method> <!-- googleTest -->
      </class> <!-- DataProviderTests.DataProviderTest -->
    </test> <!-- Default test -->
  </suite> <!-- Default suite -->
</testng-results>
